# JRE version: OpenJDK Runtime Environment (11.0.9.1+1) (build 11.0.9.1+1-Ubuntu-0ubuntu1.20.04)
# Java VM: OpenJDK 64-Bit Server VM (11.0.9.1+1-Ubuntu-0ubuntu1.20.04, mixed mode, sharing, tiered, compressed oops, g1 gc, linux-amd64)
Heap:
 garbage-first heap   total 361472K, used 16273K [0x00000000c2800000, 0x0000000100000000)
  region size 1024K, 1 young (1024K), 1 survivors (1024K)
 Metaspace       used 10090K, capacity 12512K, committed 12928K, reserved 1060864K
  class space    used 1102K, capacity 1335K, committed 1408K, reserved 1048576K
GC Heap History (20 events):
Event: 28840.950 GC heap after
{Heap after GC invocations=243403 (full 0):
 garbage-first heap   total 284672K, used 16273K [0x00000000c2800000, 0x0000000100000000)
  region size 1024K, 1 young (1024K), 1 survivors (1024K)
 Metaspace       used 10090K, capacity 12512K, committed 12928K, reserved 1060864K
  class space    used 1102K, capacity 1335K, committed 1408K, reserved 1048576K
}
Event: 28841.082 GC heap before
{Heap before GC invocations=243403 (full 0):
 garbage-first heap   total 284672K, used 185233K [0x00000000c2800000, 0x0000000100000000)
  region size 1024K, 166 young (169984K), 1 survivors (1024K)
 Metaspace       used 10090K, capacity 12512K, committed 12928K, reserved 1060864K
  class space    used 1102K, capacity 1335K, committed 1408K, reserved 1048576K
}
Event: 28841.105 GC heap after
{Heap after GC invocations=243404 (full 0):
 garbage-first heap   total 284672K, used 16275K [0x00000000c2800000, 0x0000000100000000)
  region size 1024K, 1 young (1024K), 1 survivors (1024K)
 Metaspace       used 10090K, capacity 12512K, committed 12928K, reserved 1060864K
  class space    used 1102K, capacity 1335K, committed 1408K, reserved 1048576K
}
Event: 28841.284 GC heap before
{Heap before GC invocations=243404 (full 0):
 garbage-first heap   total 284672K, used 185235K [0x00000000c2800000, 0x0000000100000000)
  region size 1024K, 166 young (169984K), 1 survivors (1024K)
 Metaspace       used 10090K, capacity 12512K, committed 12928K, reserved 1060864K
  class space    used 1102K, capacity 1335K, committed 1408K, reserved 1048576K
}
Event: 28841.305 GC heap after
{Heap after GC invocations=243405 (full 0):
 garbage-first heap   total 284672K, used 16275K [0x00000000c2800000, 0x0000000100000000)
  region size 1024K, 1 young (1024K), 1 survivors (1024K)
 Metaspace       used 10090K, capacity 12512K, committed 12928K, reserved 1060864K
  class space    used 1102K, capacity 1335K, committed 1408K, reserved 1048576K
}
Event: 28841.444 GC heap before
{Heap before GC invocations=243405 (full 0):
 garbage-first heap   total 284672K, used 185235K [0x00000000c2800000, 0x0000000100000000)
  region size 1024K, 166 young (169984K), 1 survivors (1024K)
 Metaspace       used 10090K, capacity 12512K, committed 12928K, reserved 1060864K
  class space    used 1102K, capacity 1335K, committed 1408K, reserved 1048576K
}
Event: 28841.456 GC heap after
{Heap after GC invocations=243406 (full 0):
 garbage-first heap   total 284672K, used 16273K [0x00000000c2800000, 0x0000000100000000)
  region size 1024K, 1 young (1024K), 1 survivors (1024K)
 Metaspace       used 10090K, capacity 12512K, committed 12928K, reserved 1060864K
  class space    used 1102K, capacity 1335K, committed 1408K, reserved 1048576K
}
Event: 28841.592 GC heap before
{Heap before GC invocations=243406 (full 0):
 garbage-first heap   total 284672K, used 185233K [0x00000000c2800000, 0x0000000100000000)
  region size 1024K, 166 young (169984K), 1 survivors (1024K)
 Metaspace       used 10090K, capacity 12512K, committed 12928K, reserved 1060864K
  class space    used 1102K, capacity 1335K, committed 1408K, reserved 1048576K
}
Event: 28841.600 GC heap after
{Heap after GC invocations=243407 (full 0):
 garbage-first heap   total 284672K, used 16271K [0x00000000c2800000, 0x0000000100000000)
  region size 1024K, 1 young (1024K), 1 survivors (1024K)
 Metaspace       used 10090K, capacity 12512K, committed 12928K, reserved 1060864K
  class space    used 1102K, capacity 1335K, committed 1408K, reserved 1048576K
}
Event: 28841.731 GC heap before
{Heap before GC invocations=243407 (full 0):
 garbage-first heap   total 284672K, used 185231K [0x00000000c2800000, 0x0000000100000000)
  region size 1024K, 166 young (169984K), 1 survivors (1024K)
 Metaspace       used 10090K, capacity 12512K, committed 12928K, reserved 1060864K
  class space    used 1102K, capacity 1335K, committed 1408K, reserved 1048576K
}
Event: 28841.738 GC heap after
{Heap after GC invocations=243408 (full 0):
 garbage-first heap   total 284672K, used 16275K [0x00000000c2800000, 0x0000000100000000)
  region size 1024K, 1 young (1024K), 1 survivors (1024K)
 Metaspace       used 10090K, capacity 12512K, committed 12928K, reserved 1060864K
  class space    used 1102K, capacity 1335K, committed 1408K, reserved 1048576K
}
Event: 28841.861 GC heap before
{Heap before GC invocations=243408 (full 0):
 garbage-first heap   total 284672K, used 185235K [0x00000000c2800000, 0x0000000100000000)
  region size 1024K, 166 young (169984K), 1 survivors (1024K)
 Metaspace       used 10090K, capacity 12512K, committed 12928K, reserved 1060864K
  class space    used 1102K, capacity 1335K, committed 1408K, reserved 1048576K
}
Event: 28841.864 GC heap after
{Heap after GC invocations=243409 (full 0):
 garbage-first heap   total 284672K, used 16275K [0x00000000c2800000, 0x0000000100000000)
  region size 1024K, 1 young (1024K), 1 survivors (1024K)
 Metaspace       used 10090K, capacity 12512K, committed 12928K, reserved 1060864K
  class space    used 1102K, capacity 1335K, committed 1408K, reserved 1048576K
}
Event: 28841.986 GC heap before
{Heap before GC invocations=243409 (full 0):
 garbage-first heap   total 284672K, used 185235K [0x00000000c2800000, 0x0000000100000000)
  region size 1024K, 166 young (169984K), 1 survivors (1024K)
 Metaspace       used 10090K, capacity 12512K, committed 12928K, reserved 1060864K
  class space    used 1102K, capacity 1335K, committed 1408K, reserved 1048576K
}
Event: 28841.991 GC heap after
{Heap after GC invocations=243410 (full 0):
 garbage-first heap   total 284672K, used 16279K [0x00000000c2800000, 0x0000000100000000)
  region size 1024K, 1 young (1024K), 1 survivors (1024K)
 Metaspace       used 10090K, capacity 12512K, committed 12928K, reserved 1060864K
  class space    used 1102K, capacity 1335K, committed 1408K, reserved 1048576K
}
Event: 28842.112 GC heap before
{Heap before GC invocations=243410 (full 0):
 garbage-first heap   total 284672K, used 185239K [0x00000000c2800000, 0x0000000100000000)
  region size 1024K, 166 young (169984K), 1 survivors (1024K)
 Metaspace       used 10090K, capacity 12512K, committed 12928K, reserved 1060864K
  class space    used 1102K, capacity 1335K, committed 1408K, reserved 1048576K
}
Event: 28842.113 GC heap after
{Heap after GC invocations=243411 (full 0):
 garbage-first heap   total 284672K, used 16275K [0x00000000c2800000, 0x0000000100000000)
  region size 1024K, 1 young (1024K), 1 survivors (1024K)
 Metaspace       used 10090K, capacity 12512K, committed 12928K, reserved 1060864K
  class space    used 1102K, capacity 1335K, committed 1408K, reserved 1048576K
}
Event: 28842.242 GC heap before
{Heap before GC invocations=243411 (full 0):
 garbage-first heap   total 284672K, used 185235K [0x00000000c2800000, 0x0000000100000000)
  region size 1024K, 166 young (169984K), 1 survivors (1024K)
 Metaspace       used 10090K, capacity 12512K, committed 12928K, reserved 1060864K
  class space    used 1102K, capacity 1335K, committed 1408K, reserved 1048576K
}
Event: 28842.255 GC heap after
{Heap after GC invocations=243412 (full 0):
 garbage-first heap   total 284672K, used 16273K [0x00000000c2800000, 0x0000000100000000)
  region size 1024K, 1 young (1024K), 1 survivors (1024K)
 Metaspace       used 10090K, capacity 12512K, committed 12928K, reserved 1060864K
  class space    used 1102K, capacity 1335K, committed 1408K, reserved 1048576K
}
Event: 28842.376 GC heap before
{Heap before GC invocations=243412 (full 0):
 garbage-first heap   total 284672K, used 185233K [0x00000000c2800000, 0x0000000100000000)
  region size 1024K, 166 young (169984K), 1 survivors (1024K)
 Metaspace       used 10090K, capacity 12512K, committed 12928K, reserved 1060864K
  class space    used 1102K, capacity 1335K, committed 1408K, reserved 1048576K
}

