# JRE version: OpenJDK Runtime Environment (11.0.9.1+1) (build 11.0.9.1+1-Ubuntu-0ubuntu1.20.04)
# Java VM: OpenJDK 64-Bit Server VM (11.0.9.1+1-Ubuntu-0ubuntu1.20.04, mixed mode, sharing, tiered, compressed oops, g1 gc, linux-amd64)
Heap:
 garbage-first heap   total 286720K, used 5343K [0x00000000c2800000, 0x0000000100000000)
  region size 1024K, 1 young (1024K), 1 survivors (1024K)
 Metaspace       used 10080K, capacity 12512K, committed 12928K, reserved 1060864K
  class space    used 1102K, capacity 1335K, committed 1408K, reserved 1048576K
GC Heap History (20 events):
Event: 39.752 GC heap after
{Heap after GC invocations=791 (full 0):
 garbage-first heap   total 116736K, used 5338K [0x00000000c2800000, 0x0000000100000000)
  region size 1024K, 1 young (1024K), 1 survivors (1024K)
 Metaspace       used 10080K, capacity 12512K, committed 12928K, reserved 1060864K
  class space    used 1102K, capacity 1335K, committed 1408K, reserved 1048576K
}
Event: 39.807 GC heap before
{Heap before GC invocations=791 (full 0):
 garbage-first heap   total 116736K, used 73946K [0x00000000c2800000, 0x0000000100000000)
  region size 1024K, 68 young (69632K), 1 survivors (1024K)
 Metaspace       used 10080K, capacity 12512K, committed 12928K, reserved 1060864K
  class space    used 1102K, capacity 1335K, committed 1408K, reserved 1048576K
}
Event: 39.808 GC heap after
{Heap after GC invocations=792 (full 0):
 garbage-first heap   total 116736K, used 5338K [0x00000000c2800000, 0x0000000100000000)
  region size 1024K, 1 young (1024K), 1 survivors (1024K)
 Metaspace       used 10080K, capacity 12512K, committed 12928K, reserved 1060864K
  class space    used 1102K, capacity 1335K, committed 1408K, reserved 1048576K
}
Event: 39.858 GC heap before
{Heap before GC invocations=792 (full 0):
 garbage-first heap   total 116736K, used 73946K [0x00000000c2800000, 0x0000000100000000)
  region size 1024K, 68 young (69632K), 1 survivors (1024K)
 Metaspace       used 10080K, capacity 12512K, committed 12928K, reserved 1060864K
  class space    used 1102K, capacity 1335K, committed 1408K, reserved 1048576K
}
Event: 39.859 GC heap after
{Heap after GC invocations=793 (full 0):
 garbage-first heap   total 116736K, used 5338K [0x00000000c2800000, 0x0000000100000000)
  region size 1024K, 1 young (1024K), 1 survivors (1024K)
 Metaspace       used 10080K, capacity 12512K, committed 12928K, reserved 1060864K
  class space    used 1102K, capacity 1335K, committed 1408K, reserved 1048576K
}
Event: 39.909 GC heap before
{Heap before GC invocations=793 (full 0):
 garbage-first heap   total 116736K, used 73946K [0x00000000c2800000, 0x0000000100000000)
  region size 1024K, 68 young (69632K), 1 survivors (1024K)
 Metaspace       used 10080K, capacity 12512K, committed 12928K, reserved 1060864K
  class space    used 1102K, capacity 1335K, committed 1408K, reserved 1048576K
}
Event: 39.909 GC heap after
{Heap after GC invocations=794 (full 0):
 garbage-first heap   total 116736K, used 5338K [0x00000000c2800000, 0x0000000100000000)
  region size 1024K, 1 young (1024K), 1 survivors (1024K)
 Metaspace       used 10080K, capacity 12512K, committed 12928K, reserved 1060864K
  class space    used 1102K, capacity 1335K, committed 1408K, reserved 1048576K
}
Event: 39.963 GC heap before
{Heap before GC invocations=794 (full 0):
 garbage-first heap   total 116736K, used 73946K [0x00000000c2800000, 0x0000000100000000)
  region size 1024K, 68 young (69632K), 1 survivors (1024K)
 Metaspace       used 10080K, capacity 12512K, committed 12928K, reserved 1060864K
  class space    used 1102K, capacity 1335K, committed 1408K, reserved 1048576K
}
Event: 39.964 GC heap after
{Heap after GC invocations=795 (full 0):
 garbage-first heap   total 116736K, used 5338K [0x00000000c2800000, 0x0000000100000000)
  region size 1024K, 1 young (1024K), 1 survivors (1024K)
 Metaspace       used 10080K, capacity 12512K, committed 12928K, reserved 1060864K
  class space    used 1102K, capacity 1335K, committed 1408K, reserved 1048576K
}
Event: 40.023 GC heap before
{Heap before GC invocations=795 (full 0):
 garbage-first heap   total 116736K, used 73946K [0x00000000c2800000, 0x0000000100000000)
  region size 1024K, 68 young (69632K), 1 survivors (1024K)
 Metaspace       used 10080K, capacity 12512K, committed 12928K, reserved 1060864K
  class space    used 1102K, capacity 1335K, committed 1408K, reserved 1048576K
}
Event: 40.024 GC heap after
{Heap after GC invocations=796 (full 0):
 garbage-first heap   total 116736K, used 5338K [0x00000000c2800000, 0x0000000100000000)
  region size 1024K, 1 young (1024K), 1 survivors (1024K)
 Metaspace       used 10080K, capacity 12512K, committed 12928K, reserved 1060864K
  class space    used 1102K, capacity 1335K, committed 1408K, reserved 1048576K
}
Event: 40.078 GC heap before
{Heap before GC invocations=796 (full 0):
 garbage-first heap   total 116736K, used 73946K [0x00000000c2800000, 0x0000000100000000)
  region size 1024K, 68 young (69632K), 1 survivors (1024K)
 Metaspace       used 10080K, capacity 12512K, committed 12928K, reserved 1060864K
  class space    used 1102K, capacity 1335K, committed 1408K, reserved 1048576K
}
Event: 40.095 GC heap after
{Heap after GC invocations=797 (full 0):
 garbage-first heap   total 116736K, used 5340K [0x00000000c2800000, 0x0000000100000000)
  region size 1024K, 1 young (1024K), 1 survivors (1024K)
 Metaspace       used 10080K, capacity 12512K, committed 12928K, reserved 1060864K
  class space    used 1102K, capacity 1335K, committed 1408K, reserved 1048576K
}
Event: 40.180 GC heap before
{Heap before GC invocations=797 (full 0):
 garbage-first heap   total 116736K, used 73948K [0x00000000c2800000, 0x0000000100000000)
  region size 1024K, 68 young (69632K), 1 survivors (1024K)
 Metaspace       used 10080K, capacity 12512K, committed 12928K, reserved 1060864K
  class space    used 1102K, capacity 1335K, committed 1408K, reserved 1048576K
}
Event: 40.191 GC heap after
{Heap after GC invocations=798 (full 0):
 garbage-first heap   total 116736K, used 5338K [0x00000000c2800000, 0x0000000100000000)
  region size 1024K, 1 young (1024K), 1 survivors (1024K)
 Metaspace       used 10080K, capacity 12512K, committed 12928K, reserved 1060864K
  class space    used 1102K, capacity 1335K, committed 1408K, reserved 1048576K
}
Event: 40.255 GC heap before
{Heap before GC invocations=798 (full 0):
 garbage-first heap   total 116736K, used 73946K [0x00000000c2800000, 0x0000000100000000)
  region size 1024K, 68 young (69632K), 1 survivors (1024K)
 Metaspace       used 10080K, capacity 12512K, committed 12928K, reserved 1060864K
  class space    used 1102K, capacity 1335K, committed 1408K, reserved 1048576K
}
Event: 40.269 GC heap after
{Heap after GC invocations=799 (full 0):
 garbage-first heap   total 116736K, used 5342K [0x00000000c2800000, 0x0000000100000000)
  region size 1024K, 1 young (1024K), 1 survivors (1024K)
 Metaspace       used 10080K, capacity 12512K, committed 12928K, reserved 1060864K
  class space    used 1102K, capacity 1335K, committed 1408K, reserved 1048576K
}
Event: 40.335 GC heap before
{Heap before GC invocations=799 (full 0):
 garbage-first heap   total 116736K, used 73950K [0x00000000c2800000, 0x0000000100000000)
  region size 1024K, 68 young (69632K), 1 survivors (1024K)
 Metaspace       used 10080K, capacity 12512K, committed 12928K, reserved 1060864K
  class space    used 1102K, capacity 1335K, committed 1408K, reserved 1048576K
}
Event: 40.375 GC heap after
{Heap after GC invocations=800 (full 0):
 garbage-first heap   total 116736K, used 5345K [0x00000000c2800000, 0x0000000100000000)
  region size 1024K, 1 young (1024K), 1 survivors (1024K)
 Metaspace       used 10080K, capacity 12512K, committed 12928K, reserved 1060864K
  class space    used 1102K, capacity 1335K, committed 1408K, reserved 1048576K
}
Event: 40.432 GC heap before
{Heap before GC invocations=800 (full 0):
 garbage-first heap   total 116736K, used 73953K [0x00000000c2800000, 0x0000000100000000)
  region size 1024K, 68 young (69632K), 1 survivors (1024K)
 Metaspace       used 10080K, capacity 12512K, committed 12928K, reserved 1060864K
  class space    used 1102K, capacity 1335K, committed 1408K, reserved 1048576K
}

